<?xml version="1.0" encoding="UTF-8" ?>
<testsuite errors="0" failures="1" hostname="DESKTOP-V87AB38" name="marauroa.common.game.RPObjectTest" skipped="0" tests="19" time="0.035" timestamp="2016-06-01T15:29:50">
  <properties>
[...]
</properties>
  <testcase classname="marauroa.common.game.RPObjectTest" name="testSerialization" time="0.0" />
  <testcase classname="marauroa.common.game.RPObjectTest" name="testBaseContainer" time="0.0" />
  <testcase classname="marauroa.common.game.RPObjectTest" name="testGetObjectFromSlots" time="0.0" />
  <testcase classname="marauroa.common.game.RPObjectTest" name="testClearVisibleAttributes" time="0.0" />
  <testcase classname="marauroa.common.game.RPObjectTest" name="testClearVisibleSlots" time="0.0" />
  <testcase classname="marauroa.common.game.RPObjectTest" name="testClearVisibleDelta2" time="0.0" />
  <testcase classname="marauroa.common.game.RPObjectTest" name="testPutInMapAttributeNotBeingMap" time="0.0" />
  <testcase classname="marauroa.common.game.RPObjectTest" name="testPutInMapAttribute" time="0.0" />
  <testcase classname="marauroa.common.game.RPObjectTest" name="testMapSerialization" time="0.0" />
  <testcase classname="marauroa.common.game.RPObjectTest" name="testMapSerializationTwoMaps" time="0.0" />
  <testcase classname="marauroa.common.game.RPObjectTest" name="testClone" time="0.0" />
  <testcase classname="marauroa.common.game.RPObjectTest" name="testRPLink" time="0.0" />
  <testcase classname="marauroa.common.game.RPObjectTest" name="testClearVisible" time="0.0" />
  <testcase classname="marauroa.common.game.RPObjectTest" name="testhasSlot" time="0.0" />
  <testcase classname="marauroa.common.game.RPObjectTest" name="testWriteToJson" time="0.016">
    <failure message="&#xa;Expected: &quot;\&quot;c\&quot;:\&quot;\&quot;,\&quot;a\&quot;:{\&quot;mykey\&quot;:\&quot;myvalue\&quot;},\&quot;s\&quot;:{\&quot;myslot\&quot;:[{\&quot;c\&quot;:\&quot;\&quot;,\&quot;a\&quot;:{\&quot;id\&quot;:\&quot;0\&quot;}},{\&quot;c\&quot;:\&quot;\&quot;,\&quot;a\&quot;:{\&quot;id\&quot;:\&quot;1\&quot;,\&quot;mychildkey\&quot;:\&quot;mychildvalue\&quot;}}]}&quot;&#xa;     got: &quot;\&quot;c\&quot;:\&quot;\&quot;,\&quot;a\&quot;:{\&quot;mykey\&quot;:\&quot;myvalue\&quot;},\&quot;s\&quot;:{\&quot;myslot\&quot;:[{\&quot;c\&quot;:\&quot;\&quot;,\&quot;a\&quot;:{\&quot;id\&quot;:\&quot;0\&quot;}},{\&quot;c\&quot;:\&quot;\&quot;,\&quot;a\&quot;:{\&quot;mychildkey\&quot;:\&quot;mychildvalue\&quot;,\&quot;id\&quot;:\&quot;1\&quot;}}]}&quot;&#xa;" type="junit.framework.AssertionFailedError">junit.framework.AssertionFailedError: 
Expected: &quot;\&quot;c\&quot;:\&quot;\&quot;,\&quot;a\&quot;:{\&quot;mykey\&quot;:\&quot;myvalue\&quot;},\&quot;s\&quot;:{\&quot;myslot\&quot;:[{\&quot;c\&quot;:\&quot;\&quot;,\&quot;a\&quot;:{\&quot;id\&quot;:\&quot;0\&quot;}},{\&quot;c\&quot;:\&quot;\&quot;,\&quot;a\&quot;:{\&quot;id\&quot;:\&quot;1\&quot;,\&quot;mychildkey\&quot;:\&quot;mychildvalue\&quot;}}]}&quot;
     got: &quot;\&quot;c\&quot;:\&quot;\&quot;,\&quot;a\&quot;:{\&quot;mykey\&quot;:\&quot;myvalue\&quot;},\&quot;s\&quot;:{\&quot;myslot\&quot;:[{\&quot;c\&quot;:\&quot;\&quot;,\&quot;a\&quot;:{\&quot;id\&quot;:\&quot;0\&quot;}},{\&quot;c\&quot;:\&quot;\&quot;,\&quot;a\&quot;:{\&quot;mychildkey\&quot;:\&quot;mychildvalue\&quot;,\&quot;id\&quot;:\&quot;1\&quot;}}]}&quot;

	at marauroa.common.game.RPObjectTest.testWriteToJson(RPObjectTest.java:421)
</failure>
  </testcase>
  <testcase classname="marauroa.common.game.RPObjectTest" name="testHasAsParent" time="0.0" />
  <testcase classname="marauroa.common.game.RPObjectTest" name="testSlotCapacity" time="0.0" />
  <testcase classname="marauroa.common.game.RPObjectTest" name="testRPObject" time="0.0" />
  <testcase classname="marauroa.common.game.RPObjectTest" name="testRPSlots" time="0.0" />
  <system-out><![CDATA[RPObject with Attributes of Class(): 
RPObject with Attributes of Class(): 
]]></system-out>
  <system-err><![CDATA[]]></system-err>
</testsuite>
